  Animation.cpp
  Ball.cpp
  CollisionManager.cpp
CollisionManager.cpp(242): warning C4018: '<': no coinciden signed/unsigned
CollisionManager.cpp(257): warning C4018: '<': no coinciden signed/unsigned
  Element.cpp
Element.cpp(32): warning C4018: '<': no coinciden signed/unsigned
  Game.cpp
  Menu.cpp
  Misil.cpp
  Player.cpp
  Police.cpp
  Scene.cpp
Scene.cpp(450): warning C4244: '=': conversión de 'double' a 'float'; posible pérdida de datos
Scene.cpp(451): warning C4244: '=': conversión de 'double' a 'float'; posible pérdida de datos
  Versus.cpp
  main.cpp
SOIL.lib(SOIL.obj) : warning LNK4075: se omite '/EDITANDCONTINUE' debido a la especificación '/OPT:ICF'
LINK : warning LNK4098: la biblioteca predeterminada'MSVCRTD' entra en conflicto con otras bibliotecas; use la biblioteca /NODEFAULTLIB:biblioteca
  Generando código
  41 of 916 functions ( 4.5%) were compiled, the rest were copied from previous compilation.
    0 functions were new in current compilation
    82 functions had inline decision re-evaluated but remain unchanged
  Generación de código finalizada
SOIL.lib(image_DXT.obj) : warning LNK4099: no se encontró PDB 'vc100.pdb' con 'SOIL.lib(image_DXT.obj)' o en 'C:\Users\Juanjo\Desktop\Carpetas\universidad\4o\Videojuegos\proyecto2D\videojuegos2D\BreakIn\BreakIn\Release\vc100.pdb'; se vinculará el objeto sin tener en cuenta información de depuración
SOIL.lib(image_helper.obj) : warning LNK4099: no se encontró PDB 'vc100.pdb' con 'SOIL.lib(image_helper.obj)' o en 'C:\Users\Juanjo\Desktop\Carpetas\universidad\4o\Videojuegos\proyecto2D\videojuegos2D\BreakIn\BreakIn\Release\vc100.pdb'; se vinculará el objeto sin tener en cuenta información de depuración
SOIL.lib(SOIL.obj) : warning LNK4099: no se encontró PDB 'vc100.pdb' con 'SOIL.lib(SOIL.obj)' o en 'C:\Users\Juanjo\Desktop\Carpetas\universidad\4o\Videojuegos\proyecto2D\videojuegos2D\BreakIn\BreakIn\Release\vc100.pdb'; se vinculará el objeto sin tener en cuenta información de depuración
SOIL.lib(stb_image_aug.obj) : warning LNK4099: no se encontró PDB 'vc100.pdb' con 'SOIL.lib(stb_image_aug.obj)' o en 'C:\Users\Juanjo\Desktop\Carpetas\universidad\4o\Videojuegos\proyecto2D\videojuegos2D\BreakIn\BreakIn\Release\vc100.pdb'; se vinculará el objeto sin tener en cuenta información de depuración
  juego2D.vcxproj -> C:\Users\Juanjo\Desktop\Carpetas\universidad\4o\Videojuegos\proyecto2D\videojuegos2D\BreakIn\BreakIn\Release\juego2D.exe
  juego2D.vcxproj -> C:\Users\Juanjo\Desktop\Carpetas\universidad\4o\Videojuegos\proyecto2D\videojuegos2D\BreakIn\BreakIn\Release\juego2D.pdb (Full PDB)
